c:\users\eugen\onedrive\bureau\projet propre sfml\projet propre sfml\x64\debug\vc143.pdb
c:\users\eugen\onedrive\bureau\projet propre sfml\projet propre sfml\x64\debug\vc143.idb
c:\users\eugen\onedrive\bureau\projet propre sfml\projet propre sfml\x64\debug\player.obj
c:\users\eugen\onedrive\bureau\projet propre sfml\projet propre sfml\x64\debug\mapmanager.obj
c:\users\eugen\onedrive\bureau\projet propre sfml\projet propre sfml\x64\debug\main.obj
c:\users\eugen\onedrive\bureau\projet propre sfml\projet propre sfml\x64\debug\ghost.obj
c:\users\eugen\onedrive\bureau\projet propre sfml\projet propre sfml\x64\debug\gamelib_cpp.obj
c:\users\eugen\onedrive\bureau\projet propre sfml\projet propre sfml\x64\debug\common.obj
c:\users\eugen\onedrive\bureau\projet propre sfml\projet propre sfml\x64\debug\creaman.obj
c:\users\eugen\onedrive\bureau\projet propre sfml\projet propre sfml\x64\debug\projet propre sfml.obj
c:\users\eugen\onedrive\bureau\projet propre sfml\x64\debug\projet propre sfml.pdb
c:\users\eugen\onedrive\bureau\projet propre sfml\projet propre sfml\x64\debug\projet p.a252da71.tlog\cl.command.1.tlog
c:\users\eugen\onedrive\bureau\projet propre sfml\projet propre sfml\x64\debug\projet p.a252da71.tlog\cl.read.1.tlog
c:\users\eugen\onedrive\bureau\projet propre sfml\projet propre sfml\x64\debug\projet p.a252da71.tlog\cl.write.1.tlog
c:\users\eugen\onedrive\bureau\projet propre sfml\projet propre sfml\x64\debug\projet p.a252da71.tlog\link-cvtres.read.1.tlog
c:\users\eugen\onedrive\bureau\projet propre sfml\projet propre sfml\x64\debug\projet p.a252da71.tlog\link-cvtres.write.1.tlog
c:\users\eugen\onedrive\bureau\projet propre sfml\projet propre sfml\x64\debug\projet p.a252da71.tlog\link-rc.read.1.tlog
c:\users\eugen\onedrive\bureau\projet propre sfml\projet propre sfml\x64\debug\projet p.a252da71.tlog\link-rc.write.1.tlog
c:\users\eugen\onedrive\bureau\projet propre sfml\projet propre sfml\x64\debug\projet p.a252da71.tlog\link.command.1.tlog
c:\users\eugen\onedrive\bureau\projet propre sfml\projet propre sfml\x64\debug\projet p.a252da71.tlog\link.read.1.tlog
c:\users\eugen\onedrive\bureau\projet propre sfml\projet propre sfml\x64\debug\projet p.a252da71.tlog\link.read.3.tlog
c:\users\eugen\onedrive\bureau\projet propre sfml\projet propre sfml\x64\debug\projet p.a252da71.tlog\link.write.1.tlog
